Removed Pin From Net: NetName=3V3 Pin=D?-1
Change Component Designator: OldDesignator=C? NewDesignator=C1
Change Component Designator: OldDesignator=C? NewDesignator=C2
Change Component Designator: OldDesignator=C? NewDesignator=C3
Change Component Designator: OldDesignator=C? NewDesignator=C4
Change Component Designator: OldDesignator=C? NewDesignator=C5
Change Component Designator: OldDesignator=C? NewDesignator=C6
Change Component Designator: OldDesignator=C? NewDesignator=C7
Change Component Designator: OldDesignator=C? NewDesignator=C8
Change Component Designator: OldDesignator=C? NewDesignator=C9
Change Component Designator: OldDesignator=C? NewDesignator=C10
Change Component Designator: OldDesignator=C? NewDesignator=C11
Change Component Designator: OldDesignator=D? NewDesignator=D1
Change Component Designator: OldDesignator=D? NewDesignator=D2
Change Component Designator: OldDesignator=D? NewDesignator=D3
Change Component Designator: OldDesignator=J? NewDesignator=J1
Change Component Designator: OldDesignator=J? NewDesignator=J2
Change Component Designator: OldDesignator=J? NewDesignator=J3
Change Component Designator: OldDesignator=Q? NewDesignator=Q1
Change Component Designator: OldDesignator=Q? NewDesignator=Q2
Change Component Designator: OldDesignator=R? NewDesignator=R1
Change Component Designator: OldDesignator=R? NewDesignator=R2
Change Component Designator: OldDesignator=R? NewDesignator=R3
Change Component Designator: OldDesignator=R? NewDesignator=R4
Change Component Designator: OldDesignator=R? NewDesignator=R5
Change Component Designator: OldDesignator=R? NewDesignator=R6
Change Component Designator: OldDesignator=R? NewDesignator=R7
Change Component Designator: OldDesignator=R? NewDesignator=R8
Change Component Designator: OldDesignator=SW? NewDesignator=SW1
Change Component Designator: OldDesignator=U? NewDesignator=U1
Change Component Designator: OldDesignator=U? NewDesignator=U2
Change Component Designator: OldDesignator=U? NewDesignator=U3
Change Component Designator: OldDesignator=U? NewDesignator=U4
Added Component: Designator=R9(STA_RMCF0603_STP-M)
Add component (AddParameter): Name = "Mfr_Name"; Value = "Stackpole International"; VariantName = "[No Variations]"
Add component (AddParameter): Name = "RefDes"; Value = ""; VariantName = "[No Variations]"
Add component (AddParameter): Name = "Supplier 1"; Value = "Mouser"; VariantName = "[No Variations]"
Add component (AddParameter): Name = "Supplier Part Number 1"; Value = "660-RK73H1JRTTD1001D"; VariantName = "[No Variations]"
Add component (AddParameter): Name = "Type"; Value = ""; VariantName = "[No Variations]"
Added Pin To Net: NetName=3V3 Pin=R9-1
Change Net Name : Old Net Name=NetC?_2 New Net Name=NetC7_2
Change Net Name : Old Net Name=NetD?_2 New Net Name=NetD2_2
Change Net Name : Old Net Name=NetJ?_1 New Net Name=NetJ1_1
Change Net Name : Old Net Name=NetQ?_2 New Net Name=NetQ1_2
Change Net Name : Old Net Name=NetQ?_2 New Net Name=NetQ2_2
Change Net Name : Old Net Name=NetR?_2 New Net Name=NetR7_2
Change Net Name : Old Net Name=NetR?_2 New Net Name=NetR8_2
Added Pin To Net: NetName=NetD1_2 Pin=D1-2
Added Pin To Net: NetName=NetD1_2 Pin=R6-1
Added Net: Name=NetD1_2
Added Pin To Net: NetName=NetD3_1 Pin=D3-1
Added Pin To Net: NetName=NetD3_1 Pin=R9-2
Added Net: Name=NetD3_1
Added Pin To Net: NetName=NetR6_2 Pin=R6-2
Added Pin To Net: NetName=NetR6_2 Pin=U2-6
Added Net: Name=NetR6_2
Added Member To Class: ClassName=Main Member=Component C1 22uF/10V(20%)
Added Member To Class: ClassName=Main Member=Component C2 0.1uF/50V(10%)
Added Member To Class: ClassName=Main Member=Component C3 0.1uF/50V(10%)
Added Member To Class: ClassName=Main Member=Component C4 10uF 6.3V 0603
Added Member To Class: ClassName=Main Member=Component C5 10uF 6.3V 0603
Added Member To Class: ClassName=Main Member=Component C6 22uF/10V(20%)
Added Member To Class: ClassName=Main Member=Component C7 22uF/10V(20%)
Added Member To Class: ClassName=Main Member=Component C8 10nF 4V
Added Member To Class: ClassName=Main Member=Component C9 0.1UF 2.5V 0402
Added Member To Class: ClassName=Main Member=Component C11 2.2nF 50V 0402
Added Member To Class: ClassName=Main Member=Component D2 RED
Added Member To Class: ClassName=Main Member=Component D3 BLUE
Added Member To Class: ClassName=Main Member=Component J2 M20-9990246
Added Member To Class: ClassName=Main Member=Component J3 USB4215-03-A_REVA
Added Member To Class: ClassName=Main Member=Component Q1 (NPN)SS8050-G
Added Member To Class: ClassName=Main Member=Component R1 10K(5%)
Added Member To Class: ClassName=Main Member=Component R2 10K(5%)
Added Member To Class: ClassName=Main Member=Component R3 10K(5%)
Added Member To Class: ClassName=Main Member=Component R5 0R
Added Member To Class: ClassName=Main Member=Component R6 1K
Added Member To Class: ClassName=Main Member=Component R7 1K
Added Member To Class: ClassName=Main Member=Component R8 5K(5%)
Added Member To Class: ClassName=Main Member=Component R9 1K
Added Member To Class: ClassName=Main Member=Component U1 ESP32 WROOM
Added Member To Class: ClassName=Main Member=Component U3 AMS1117-3.3
Added Member To Class: ClassName=Main Member=Component U4 MPU-6050
