Removed Pin From Net: NetName=GND Pin=C4-1
Removed Pin From Net: NetName=GND Pin=C5-1
Removed Pin From Net: NetName=VCC Pin=C5-2
Removed Pin From Net: NetName=VCC Pin=D1-1
Removed Pin From Net: NetName=VCC Pin=D2-1
Removed Pin From Net: NetName=GND Pin=R8-1
Removed Pin From Net: NetName=GND Pin=U2-1
Removed Pin From Net: NetName=GND Pin=U2-3
Removed Pin From Net: NetName=VCC Pin=U2-4
Removed Pin From Net: NetName=VCC Pin=U2-8
Removed Member From Class: ClassName=Main Member=C4
Removed Member From Class: ClassName=Main Member=C5
Removed Member From Class: ClassName=Main Member=D1
Removed Member From Class: ClassName=Main Member=D2
Removed Member From Class: ClassName=Main Member=R6
Removed Member From Class: ClassName=Main Member=R7
Removed Member From Class: ClassName=Main Member=R8
Removed Member From Class: ClassName=Main Member=U2
Added Pin To Net: NetName=VCC Pin=J2-1
Added Pin To Net: NetName=VCC Pin=SW1-COM
Added Member To Class: ClassName=Main Member=Component C6 22uF/10V(20%)
Added Member To Class: ClassName=Main Member=Component U3 AMS1117-3.3
